<?xml version="1.0" encoding="UTF-8"?>
<testng-results ignored="0" total="2" passed="2" failed="0" skipped="0">
  <reporter-output>
  </reporter-output>
  <suite started-at="2024-06-06T13:05:11Z" name="Default suite" finished-at="2024-06-06T13:06:20Z" duration-ms="68393">
    <groups>
    </groups>
    <test started-at="2024-06-06T13:05:11Z" name="Default test" finished-at="2024-06-06T13:06:20Z" duration-ms="68393">
      <class name="com.excel1.GetExcel">
        <test-method signature="getData([Ljava.lang.String;)[pri:0, instance:com.excel1.GetExcel@2ab4bc72]" started-at="2024-06-06T01:05:15Z" name="getData" data-provider="throwData" finished-at="2024-06-06T01:05:54Z" duration-ms="39302" status="PASS">
          <params>
            <param index="0">
              <value>
                <![CDATA[[Ljava.lang.String;@7c8c70d6]]>
              </value>
            </param>
          </params>
          <reporter-output>
          </reporter-output>
        </test-method> <!-- getData -->
        <test-method signature="getData([Ljava.lang.String;)[pri:0, instance:com.excel1.GetExcel@2ab4bc72]" started-at="2024-06-06T01:05:54Z" name="getData" data-provider="throwData" finished-at="2024-06-06T01:06:20Z" duration-ms="25470" status="PASS">
          <params>
            <param index="0">
              <value>
                <![CDATA[[Ljava.lang.String;@1ab5f08a]]>
              </value>
            </param>
          </params>
          <reporter-output>
          </reporter-output>
        </test-method> <!-- getData -->
      </class> <!-- com.excel1.GetExcel -->
    </test> <!-- Default test -->
  </suite> <!-- Default suite -->
</testng-results>
